[ 2016-06-20T09:14:32+08:00 ] 49.86.25.26 /index.php?g=user&m=index&a=is_login
INFO: [ app_begin ] --START--
INFO: Run Behavior\ReadHtmlCacheBehavior [ RunTime:0.000000s ]
INFO: Run Behavior\CheckLangBehavior [ RunTime:0.000000s ]
INFO: [ app_begin ] --END-- [ RunTime:0.000000s ]
NOTIC: [8] Undefined index: url D:\wwwroot\yfcs\wwwroot\application\Common\Controller\AppframeController.class.php 第 24 行.

[ 2016-06-20T09:14:41+08:00 ] 49.86.25.26 /index.php?g=user&m=index&a=is_login
INFO: [ app_begin ] --START--
INFO: Run Behavior\ReadHtmlCacheBehavior [ RunTime:0.000000s ]
INFO: Run Behavior\CheckLangBehavior [ RunTime:0.000000s ]
INFO: [ app_begin ] --END-- [ RunTime:0.000000s ]
NOTIC: [8] Undefined index: url D:\wwwroot\yfcs\wwwroot\application\Common\Controller\AppframeController.class.php 第 24 行.

[ 2016-06-20T09:15:11+08:00 ] 49.86.25.26 /index.php?g=user&m=index&a=is_login
INFO: [ app_begin ] --START--
INFO: Run Behavior\ReadHtmlCacheBehavior [ RunTime:0.000000s ]
INFO: Run Behavior\CheckLangBehavior [ RunTime:0.000000s ]
INFO: [ app_begin ] --END-- [ RunTime:0.000000s ]
NOTIC: [8] Undefined index: url D:\wwwroot\yfcs\wwwroot\application\Common\Controller\AppframeController.class.php 第 24 行.

[ 2016-06-20T09:15:12+08:00 ] 49.86.25.26 /index.php?g=user&m=index&a=is_login
INFO: [ app_begin ] --START--
INFO: Run Behavior\ReadHtmlCacheBehavior [ RunTime:0.000000s ]
INFO: Run Behavior\CheckLangBehavior [ RunTime:0.000000s ]
INFO: [ app_begin ] --END-- [ RunTime:0.000000s ]
NOTIC: [8] Undefined index: url D:\wwwroot\yfcs\wwwroot\application\Common\Controller\AppframeController.class.php 第 24 行.

[ 2016-06-20T09:15:13+08:00 ] 49.86.25.26 /index.php?g=user&m=index&a=is_login
INFO: [ app_begin ] --START--
INFO: Run Behavior\ReadHtmlCacheBehavior [ RunTime:0.000000s ]
INFO: Run Behavior\CheckLangBehavior [ RunTime:0.000000s ]
INFO: [ app_begin ] --END-- [ RunTime:0.000000s ]
NOTIC: [8] Undefined index: url D:\wwwroot\yfcs\wwwroot\application\Common\Controller\AppframeController.class.php 第 24 行.

[ 2016-06-20T09:15:15+08:00 ] 49.86.25.26 /index.php?g=user&m=index&a=is_login
INFO: [ app_begin ] --START--
INFO: Run Behavior\ReadHtmlCacheBehavior [ RunTime:0.000000s ]
INFO: Run Behavior\CheckLangBehavior [ RunTime:0.000000s ]
INFO: [ app_begin ] --END-- [ RunTime:0.000000s ]
NOTIC: [8] Undefined index: url D:\wwwroot\yfcs\wwwroot\application\Common\Controller\AppframeController.class.php 第 24 行.

[ 2016-06-20T09:22:51+08:00 ] 49.86.25.26 /index.php?g=user&m=index&a=is_login
INFO: [ app_begin ] --START--
INFO: Run Behavior\ReadHtmlCacheBehavior [ RunTime:0.000000s ]
INFO: Run Behavior\CheckLangBehavior [ RunTime:0.000000s ]
INFO: [ app_begin ] --END-- [ RunTime:0.000000s ]
NOTIC: [8] Undefined index: url D:\wwwroot\yfcs\wwwroot\application\Common\Controller\AppframeController.class.php 第 24 行.

[ 2016-06-20T09:23:09+08:00 ] 49.86.25.26 /index.php?g=user&m=index&a=is_login
INFO: [ app_begin ] --START--
INFO: Run Behavior\ReadHtmlCacheBehavior [ RunTime:0.000000s ]
INFO: Run Behavior\CheckLangBehavior [ RunTime:0.000000s ]
INFO: [ app_begin ] --END-- [ RunTime:0.000000s ]
NOTIC: [8] Undefined index: url D:\wwwroot\yfcs\wwwroot\application\Common\Controller\AppframeController.class.php 第 24 行.

[ 2016-06-20T09:23:12+08:00 ] 49.86.25.26 /index.php?g=user&m=index&a=is_login
INFO: [ app_begin ] --START--
INFO: Run Behavior\ReadHtmlCacheBehavior [ RunTime:0.000000s ]
INFO: Run Behavior\CheckLangBehavior [ RunTime:0.000000s ]
INFO: [ app_begin ] --END-- [ RunTime:0.000000s ]
NOTIC: [8] Undefined index: url D:\wwwroot\yfcs\wwwroot\application\Common\Controller\AppframeController.class.php 第 24 行.

[ 2016-06-20T09:23:14+08:00 ] 49.86.25.26 /index.php?g=user&m=index&a=is_login
INFO: [ app_begin ] --START--
INFO: Run Behavior\ReadHtmlCacheBehavior [ RunTime:0.000000s ]
INFO: Run Behavior\CheckLangBehavior [ RunTime:0.000000s ]
INFO: [ app_begin ] --END-- [ RunTime:0.000000s ]
NOTIC: [8] Undefined index: url D:\wwwroot\yfcs\wwwroot\application\Common\Controller\AppframeController.class.php 第 24 行.

[ 2016-06-20T09:23:37+08:00 ] 49.86.25.26 /index.php?g=user&m=index&a=is_login
INFO: [ app_begin ] --START--
INFO: Run Behavior\ReadHtmlCacheBehavior [ RunTime:0.000000s ]
INFO: Run Behavior\CheckLangBehavior [ RunTime:0.000000s ]
INFO: [ app_begin ] --END-- [ RunTime:0.015625s ]
NOTIC: [8] Undefined index: url D:\wwwroot\yfcs\wwwroot\application\Common\Controller\AppframeController.class.php 第 24 行.

[ 2016-06-20T09:23:57+08:00 ] 49.86.25.26 /index.php?g=user&m=index&a=is_login
INFO: [ app_begin ] --START--
INFO: Run Behavior\ReadHtmlCacheBehavior [ RunTime:0.000000s ]
INFO: Run Behavior\CheckLangBehavior [ RunTime:0.000000s ]
INFO: [ app_begin ] --END-- [ RunTime:0.000000s ]
NOTIC: [8] Undefined index: url D:\wwwroot\yfcs\wwwroot\application\Common\Controller\AppframeController.class.php 第 24 行.

[ 2016-06-20T09:24:05+08:00 ] 49.86.25.26 /index.php?g=user&m=index&a=is_login
INFO: [ app_begin ] --START--
INFO: Run Behavior\ReadHtmlCacheBehavior [ RunTime:0.000000s ]
INFO: Run Behavior\CheckLangBehavior [ RunTime:0.000000s ]
INFO: [ app_begin ] --END-- [ RunTime:0.000000s ]
NOTIC: [8] Undefined index: url D:\wwwroot\yfcs\wwwroot\application\Common\Controller\AppframeController.class.php 第 24 行.

[ 2016-06-20T09:24:27+08:00 ] 49.86.25.26 /index.php?g=user&m=index&a=is_login
INFO: [ app_begin ] --START--
INFO: Run Behavior\ReadHtmlCacheBehavior [ RunTime:0.000000s ]
INFO: Run Behavior\CheckLangBehavior [ RunTime:0.000000s ]
INFO: [ app_begin ] --END-- [ RunTime:0.000000s ]
NOTIC: [8] Undefined index: url D:\wwwroot\yfcs\wwwroot\application\Common\Controller\AppframeController.class.php 第 24 行.

[ 2016-06-20T10:02:48+08:00 ] 49.86.25.26 /index.php?g=user&m=index&a=is_login
INFO: [ app_begin ] --START--
INFO: Run Behavior\ReadHtmlCacheBehavior [ RunTime:0.000000s ]
INFO: Run Behavior\CheckLangBehavior [ RunTime:0.000000s ]
INFO: [ app_begin ] --END-- [ RunTime:0.000000s ]
NOTIC: [8] Undefined index: url D:\wwwroot\yfcs\wwwroot\application\Common\Controller\AppframeController.class.php 第 24 行.

[ 2016-06-20T10:04:04+08:00 ] 49.86.25.26 /index.php?g=user&m=index&a=is_login
INFO: [ app_begin ] --START--
INFO: Run Behavior\ReadHtmlCacheBehavior [ RunTime:0.000000s ]
INFO: Run Behavior\CheckLangBehavior [ RunTime:0.000000s ]
INFO: [ app_begin ] --END-- [ RunTime:0.000000s ]
NOTIC: [8] Undefined index: url D:\wwwroot\yfcs\wwwroot\application\Common\Controller\AppframeController.class.php 第 24 行.

[ 2016-06-20T10:04:10+08:00 ] 49.86.25.26 /index.php?g=user&m=index&a=is_login
INFO: [ app_begin ] --START--
INFO: Run Behavior\ReadHtmlCacheBehavior [ RunTime:0.000000s ]
INFO: Run Behavior\CheckLangBehavior [ RunTime:0.000000s ]
INFO: [ app_begin ] --END-- [ RunTime:0.000000s ]
NOTIC: [8] Undefined index: url D:\wwwroot\yfcs\wwwroot\application\Common\Controller\AppframeController.class.php 第 24 行.

[ 2016-06-20T10:04:12+08:00 ] 49.86.25.26 /index.php?g=user&m=index&a=is_login
INFO: [ app_begin ] --START--
INFO: Run Behavior\ReadHtmlCacheBehavior [ RunTime:0.000000s ]
INFO: Run Behavior\CheckLangBehavior [ RunTime:0.000000s ]
INFO: [ app_begin ] --END-- [ RunTime:0.000000s ]
NOTIC: [8] Undefined index: url D:\wwwroot\yfcs\wwwroot\application\Common\Controller\AppframeController.class.php 第 24 行.

[ 2016-06-20T10:04:16+08:00 ] 49.86.25.26 /index.php?g=user&m=index&a=is_login
INFO: [ app_begin ] --START--
INFO: Run Behavior\ReadHtmlCacheBehavior [ RunTime:0.000000s ]
INFO: Run Behavior\CheckLangBehavior [ RunTime:0.000000s ]
INFO: [ app_begin ] --END-- [ RunTime:0.000000s ]
NOTIC: [8] Undefined index: url D:\wwwroot\yfcs\wwwroot\application\Common\Controller\AppframeController.class.php 第 24 行.

[ 2016-06-20T10:04:18+08:00 ] 49.86.25.26 /index.php?g=user&m=index&a=is_login
INFO: [ app_begin ] --START--
INFO: Run Behavior\ReadHtmlCacheBehavior [ RunTime:0.000000s ]
INFO: Run Behavior\CheckLangBehavior [ RunTime:0.000000s ]
INFO: [ app_begin ] --END-- [ RunTime:0.000000s ]
NOTIC: [8] Undefined index: url D:\wwwroot\yfcs\wwwroot\application\Common\Controller\AppframeController.class.php 第 24 行.

[ 2016-06-20T10:04:23+08:00 ] 49.86.25.26 /index.php?g=user&m=index&a=is_login
INFO: [ app_begin ] --START--
INFO: Run Behavior\ReadHtmlCacheBehavior [ RunTime:0.000000s ]
INFO: Run Behavior\CheckLangBehavior [ RunTime:0.000000s ]
INFO: [ app_begin ] --END-- [ RunTime:0.000000s ]
NOTIC: [8] Undefined index: url D:\wwwroot\yfcs\wwwroot\application\Common\Controller\AppframeController.class.php 第 24 行.

[ 2016-06-20T10:04:24+08:00 ] 49.86.25.26 /index.php?g=user&m=index&a=is_login
INFO: [ app_begin ] --START--
INFO: Run Behavior\ReadHtmlCacheBehavior [ RunTime:0.000000s ]
INFO: Run Behavior\CheckLangBehavior [ RunTime:0.000000s ]
INFO: [ app_begin ] --END-- [ RunTime:0.000000s ]
NOTIC: [8] Undefined index: url D:\wwwroot\yfcs\wwwroot\application\Common\Controller\AppframeController.class.php 第 24 行.

[ 2016-06-20T10:05:10+08:00 ] 49.86.25.26 /index.php?g=user&m=index&a=is_login
INFO: [ app_begin ] --START--
INFO: Run Behavior\ReadHtmlCacheBehavior [ RunTime:0.000000s ]
INFO: Run Behavior\CheckLangBehavior [ RunTime:0.000000s ]
INFO: [ app_begin ] --END-- [ RunTime:0.000000s ]
NOTIC: [8] Undefined index: url D:\wwwroot\yfcs\wwwroot\application\Common\Controller\AppframeController.class.php 第 24 行.

[ 2016-06-20T10:08:46+08:00 ] 49.86.25.26 /index.php?g=user&m=index&a=is_login
INFO: [ app_begin ] --START--
INFO: Run Behavior\ReadHtmlCacheBehavior [ RunTime:0.000000s ]
INFO: Run Behavior\CheckLangBehavior [ RunTime:0.000000s ]
INFO: [ app_begin ] --END-- [ RunTime:0.000000s ]
NOTIC: [8] Undefined index: url D:\wwwroot\yfcs\wwwroot\application\Common\Controller\AppframeController.class.php 第 24 行.

[ 2016-06-20T10:12:52+08:00 ] 49.86.25.26 /index.php?g=user&m=index&a=is_login
INFO: [ app_begin ] --START--
INFO: Run Behavior\ReadHtmlCacheBehavior [ RunTime:0.000000s ]
INFO: Run Behavior\CheckLangBehavior [ RunTime:0.000000s ]
INFO: [ app_begin ] --END-- [ RunTime:0.000000s ]
NOTIC: [8] Undefined index: url D:\wwwroot\yfcs\wwwroot\application\Common\Controller\AppframeController.class.php 第 24 行.

[ 2016-06-20T10:12:56+08:00 ] 49.86.25.26 /index.php?g=user&m=index&a=is_login
INFO: [ app_begin ] --START--
INFO: Run Behavior\ReadHtmlCacheBehavior [ RunTime:0.000000s ]
INFO: Run Behavior\CheckLangBehavior [ RunTime:0.000000s ]
INFO: [ app_begin ] --END-- [ RunTime:0.000000s ]
NOTIC: [8] Undefined index: url D:\wwwroot\yfcs\wwwroot\application\Common\Controller\AppframeController.class.php 第 24 行.

[ 2016-06-20T10:15:06+08:00 ] 49.86.25.26 /index.php?g=user&m=index&a=is_login
INFO: [ app_begin ] --START--
INFO: Run Behavior\ReadHtmlCacheBehavior [ RunTime:0.000000s ]
INFO: Run Behavior\CheckLangBehavior [ RunTime:0.000000s ]
INFO: [ app_begin ] --END-- [ RunTime:0.000000s ]
NOTIC: [8] Undefined index: url D:\wwwroot\yfcs\wwwroot\application\Common\Controller\AppframeController.class.php 第 24 行.

[ 2016-06-20T10:16:03+08:00 ] 49.86.25.26 /index.php?g=user&m=index&a=is_login
INFO: [ app_begin ] --START--
INFO: Run Behavior\ReadHtmlCacheBehavior [ RunTime:0.000000s ]
INFO: Run Behavior\CheckLangBehavior [ RunTime:0.000000s ]
INFO: [ app_begin ] --END-- [ RunTime:0.000000s ]
NOTIC: [8] Undefined index: url D:\wwwroot\yfcs\wwwroot\application\Common\Controller\AppframeController.class.php 第 24 行.

[ 2016-06-20T10:16:12+08:00 ] 49.86.25.26 /index.php?g=user&m=index&a=is_login
INFO: [ app_begin ] --START--
INFO: Run Behavior\ReadHtmlCacheBehavior [ RunTime:0.000000s ]
INFO: Run Behavior\CheckLangBehavior [ RunTime:0.000000s ]
INFO: [ app_begin ] --END-- [ RunTime:0.000000s ]
NOTIC: [8] Undefined index: url D:\wwwroot\yfcs\wwwroot\application\Common\Controller\AppframeController.class.php 第 24 行.

[ 2016-06-20T10:16:14+08:00 ] 49.86.25.26 /index.php?g=user&m=index&a=is_login
INFO: [ app_begin ] --START--
INFO: Run Behavior\ReadHtmlCacheBehavior [ RunTime:0.000000s ]
INFO: Run Behavior\CheckLangBehavior [ RunTime:0.000000s ]
INFO: [ app_begin ] --END-- [ RunTime:0.000000s ]
NOTIC: [8] Undefined index: url D:\wwwroot\yfcs\wwwroot\application\Common\Controller\AppframeController.class.php 第 24 行.

[ 2016-06-20T10:17:50+08:00 ] 49.86.25.26 /index.php?g=user&m=index&a=is_login
INFO: [ app_begin ] --START--
INFO: Run Behavior\ReadHtmlCacheBehavior [ RunTime:0.000000s ]
INFO: Run Behavior\CheckLangBehavior [ RunTime:0.000000s ]
INFO: [ app_begin ] --END-- [ RunTime:0.015625s ]
NOTIC: [8] Undefined index: url D:\wwwroot\yfcs\wwwroot\application\Common\Controller\AppframeController.class.php 第 24 行.

[ 2016-06-20T10:18:03+08:00 ] 49.86.25.26 /index.php?g=user&m=index&a=is_login
INFO: [ app_begin ] --START--
INFO: Run Behavior\ReadHtmlCacheBehavior [ RunTime:0.015625s ]
INFO: Run Behavior\CheckLangBehavior [ RunTime:0.000000s ]
INFO: [ app_begin ] --END-- [ RunTime:0.015625s ]
NOTIC: [8] Undefined index: url D:\wwwroot\yfcs\wwwroot\application\Common\Controller\AppframeController.class.php 第 24 行.

[ 2016-06-20T10:18:12+08:00 ] 49.86.25.26 /index.php?g=user&m=index&a=is_login
INFO: [ app_begin ] --START--
INFO: Run Behavior\ReadHtmlCacheBehavior [ RunTime:0.000000s ]
INFO: Run Behavior\CheckLangBehavior [ RunTime:0.000000s ]
INFO: [ app_begin ] --END-- [ RunTime:0.000000s ]
NOTIC: [8] Undefined index: url D:\wwwroot\yfcs\wwwroot\application\Common\Controller\AppframeController.class.php 第 24 行.

[ 2016-06-20T10:18:14+08:00 ] 49.86.25.26 /index.php?g=user&m=index&a=is_login
INFO: [ app_begin ] --START--
INFO: Run Behavior\ReadHtmlCacheBehavior [ RunTime:0.000000s ]
INFO: Run Behavior\CheckLangBehavior [ RunTime:0.000000s ]
INFO: [ app_begin ] --END-- [ RunTime:0.000000s ]
NOTIC: [8] Undefined index: url D:\wwwroot\yfcs\wwwroot\application\Common\Controller\AppframeController.class.php 第 24 行.

[ 2016-06-20T10:18:30+08:00 ] 49.86.25.26 /index.php?g=user&m=index&a=is_login
INFO: [ app_begin ] --START--
INFO: Run Behavior\ReadHtmlCacheBehavior [ RunTime:0.000000s ]
INFO: Run Behavior\CheckLangBehavior [ RunTime:0.000000s ]
INFO: [ app_begin ] --END-- [ RunTime:0.000000s ]
NOTIC: [8] Undefined index: url D:\wwwroot\yfcs\wwwroot\application\Common\Controller\AppframeController.class.php 第 24 行.

[ 2016-06-20T10:18:32+08:00 ] 49.86.25.26 /index.php?g=user&m=index&a=is_login
INFO: [ app_begin ] --START--
INFO: Run Behavior\ReadHtmlCacheBehavior [ RunTime:0.000000s ]
INFO: Run Behavior\CheckLangBehavior [ RunTime:0.000000s ]
INFO: [ app_begin ] --END-- [ RunTime:0.000000s ]
NOTIC: [8] Undefined index: url D:\wwwroot\yfcs\wwwroot\application\Common\Controller\AppframeController.class.php 第 24 行.

[ 2016-06-20T10:18:34+08:00 ] 49.86.25.26 /index.php?g=user&m=index&a=is_login
INFO: [ app_begin ] --START--
INFO: Run Behavior\ReadHtmlCacheBehavior [ RunTime:0.000000s ]
INFO: Run Behavior\CheckLangBehavior [ RunTime:0.000000s ]
INFO: [ app_begin ] --END-- [ RunTime:0.000000s ]
NOTIC: [8] Undefined index: url D:\wwwroot\yfcs\wwwroot\application\Common\Controller\AppframeController.class.php 第 24 行.

[ 2016-06-20T10:18:47+08:00 ] 49.86.25.26 /index.php?g=user&m=index&a=is_login
INFO: [ app_begin ] --START--
INFO: Run Behavior\ReadHtmlCacheBehavior [ RunTime:0.000000s ]
INFO: Run Behavior\CheckLangBehavior [ RunTime:0.000000s ]
INFO: [ app_begin ] --END-- [ RunTime:0.000000s ]
NOTIC: [8] Undefined index: url D:\wwwroot\yfcs\wwwroot\application\Common\Controller\AppframeController.class.php 第 24 行.

[ 2016-06-20T10:18:50+08:00 ] 49.86.25.26 /index.php?g=user&m=index&a=is_login
INFO: [ app_begin ] --START--
INFO: Run Behavior\ReadHtmlCacheBehavior [ RunTime:0.000000s ]
INFO: Run Behavior\CheckLangBehavior [ RunTime:0.015625s ]
INFO: [ app_begin ] --END-- [ RunTime:0.015625s ]
NOTIC: [8] Undefined index: url D:\wwwroot\yfcs\wwwroot\application\Common\Controller\AppframeController.class.php 第 24 行.

[ 2016-06-20T10:18:53+08:00 ] 49.86.25.26 /index.php?g=user&m=index&a=is_login
INFO: [ app_begin ] --START--
INFO: Run Behavior\ReadHtmlCacheBehavior [ RunTime:0.000000s ]
INFO: Run Behavior\CheckLangBehavior [ RunTime:0.000000s ]
INFO: [ app_begin ] --END-- [ RunTime:0.000000s ]
NOTIC: [8] Undefined index: url D:\wwwroot\yfcs\wwwroot\application\Common\Controller\AppframeController.class.php 第 24 行.

[ 2016-06-20T10:19:09+08:00 ] 49.86.25.26 /index.php?g=user&m=index&a=is_login
INFO: [ app_begin ] --START--
INFO: Run Behavior\ReadHtmlCacheBehavior [ RunTime:0.000000s ]
INFO: Run Behavior\CheckLangBehavior [ RunTime:0.000000s ]
INFO: [ app_begin ] --END-- [ RunTime:0.000000s ]
NOTIC: [8] Undefined index: url D:\wwwroot\yfcs\wwwroot\application\Common\Controller\AppframeController.class.php 第 24 行.

[ 2016-06-20T10:19:26+08:00 ] 49.86.25.26 /index.php?g=user&m=index&a=is_login
INFO: [ app_begin ] --START--
INFO: Run Behavior\ReadHtmlCacheBehavior [ RunTime:0.000000s ]
INFO: Run Behavior\CheckLangBehavior [ RunTime:0.000000s ]
INFO: [ app_begin ] --END-- [ RunTime:0.000000s ]
NOTIC: [8] Undefined index: url D:\wwwroot\yfcs\wwwroot\application\Common\Controller\AppframeController.class.php 第 24 行.

[ 2016-06-20T10:19:30+08:00 ] 49.86.25.26 /index.php?g=user&m=index&a=is_login
INFO: [ app_begin ] --START--
INFO: Run Behavior\ReadHtmlCacheBehavior [ RunTime:0.000000s ]
INFO: Run Behavior\CheckLangBehavior [ RunTime:0.000000s ]
INFO: [ app_begin ] --END-- [ RunTime:0.000000s ]
NOTIC: [8] Undefined index: url D:\wwwroot\yfcs\wwwroot\application\Common\Controller\AppframeController.class.php 第 24 行.

[ 2016-06-20T10:20:04+08:00 ] 49.86.25.26 /index.php?g=user&m=index&a=is_login
INFO: [ app_begin ] --START--
INFO: Run Behavior\ReadHtmlCacheBehavior [ RunTime:0.000000s ]
INFO: Run Behavior\CheckLangBehavior [ RunTime:0.000000s ]
INFO: [ app_begin ] --END-- [ RunTime:0.000000s ]
NOTIC: [8] Undefined index: url D:\wwwroot\yfcs\wwwroot\application\Common\Controller\AppframeController.class.php 第 24 行.

[ 2016-06-20T10:20:06+08:00 ] 49.86.25.26 /index.php?g=user&m=index&a=is_login
INFO: [ app_begin ] --START--
INFO: Run Behavior\ReadHtmlCacheBehavior [ RunTime:0.015625s ]
INFO: Run Behavior\CheckLangBehavior [ RunTime:0.000000s ]
INFO: [ app_begin ] --END-- [ RunTime:0.015625s ]
NOTIC: [8] Undefined index: url D:\wwwroot\yfcs\wwwroot\application\Common\Controller\AppframeController.class.php 第 24 行.

[ 2016-06-20T10:21:03+08:00 ] 49.86.25.26 /index.php?g=user&m=index&a=is_login
INFO: [ app_begin ] --START--
INFO: Run Behavior\ReadHtmlCacheBehavior [ RunTime:0.000000s ]
INFO: Run Behavior\CheckLangBehavior [ RunTime:0.000000s ]
INFO: [ app_begin ] --END-- [ RunTime:0.000000s ]
NOTIC: [8] Undefined index: url D:\wwwroot\yfcs\wwwroot\application\Common\Controller\AppframeController.class.php 第 24 行.

[ 2016-06-20T10:21:09+08:00 ] 49.86.25.26 /index.php?g=user&m=index&a=is_login
INFO: [ app_begin ] --START--
INFO: Run Behavior\ReadHtmlCacheBehavior [ RunTime:0.000000s ]
INFO: Run Behavior\CheckLangBehavior [ RunTime:0.000000s ]
INFO: [ app_begin ] --END-- [ RunTime:0.000000s ]
NOTIC: [8] Undefined index: url D:\wwwroot\yfcs\wwwroot\application\Common\Controller\AppframeController.class.php 第 24 行.

[ 2016-06-20T10:21:12+08:00 ] 49.86.25.26 /index.php?g=user&m=index&a=is_login
INFO: [ app_begin ] --START--
INFO: Run Behavior\ReadHtmlCacheBehavior [ RunTime:0.000000s ]
INFO: Run Behavior\CheckLangBehavior [ RunTime:0.000000s ]
INFO: [ app_begin ] --END-- [ RunTime:0.000000s ]
NOTIC: [8] Undefined index: url D:\wwwroot\yfcs\wwwroot\application\Common\Controller\AppframeController.class.php 第 24 行.

[ 2016-06-20T10:21:49+08:00 ] 49.86.25.26 /index.php?g=user&m=index&a=is_login
INFO: [ app_begin ] --START--
INFO: Run Behavior\ReadHtmlCacheBehavior [ RunTime:0.000000s ]
INFO: Run Behavior\CheckLangBehavior [ RunTime:0.000000s ]
INFO: [ app_begin ] --END-- [ RunTime:0.000000s ]
NOTIC: [8] Undefined index: url D:\wwwroot\yfcs\wwwroot\application\Common\Controller\AppframeController.class.php 第 24 行.

[ 2016-06-20T10:22:31+08:00 ] 49.86.25.26 /index.php?g=user&m=index&a=is_login
INFO: [ app_begin ] --START--
INFO: Run Behavior\ReadHtmlCacheBehavior [ RunTime:0.000000s ]
INFO: Run Behavior\CheckLangBehavior [ RunTime:0.000000s ]
INFO: [ app_begin ] --END-- [ RunTime:0.000000s ]
NOTIC: [8] Undefined index: url D:\wwwroot\yfcs\wwwroot\application\Common\Controller\AppframeController.class.php 第 24 行.

[ 2016-06-20T10:24:25+08:00 ] 49.86.25.26 /index.php?g=user&m=index&a=is_login
INFO: [ app_begin ] --START--
INFO: Run Behavior\ReadHtmlCacheBehavior [ RunTime:0.015625s ]
INFO: Run Behavior\CheckLangBehavior [ RunTime:0.000000s ]
INFO: [ app_begin ] --END-- [ RunTime:0.015625s ]
NOTIC: [8] Undefined index: url D:\wwwroot\yfcs\wwwroot\application\Common\Controller\AppframeController.class.php 第 24 行.

[ 2016-06-20T10:24:29+08:00 ] 49.86.25.26 /index.php?g=user&m=index&a=is_login
INFO: [ app_begin ] --START--
INFO: Run Behavior\ReadHtmlCacheBehavior [ RunTime:0.000000s ]
INFO: Run Behavior\CheckLangBehavior [ RunTime:0.000000s ]
INFO: [ app_begin ] --END-- [ RunTime:0.000000s ]
NOTIC: [8] Undefined index: url D:\wwwroot\yfcs\wwwroot\application\Common\Controller\AppframeController.class.php 第 24 行.

[ 2016-06-20T10:27:45+08:00 ] 49.86.25.26 /index.php?g=user&m=index&a=is_login
INFO: [ app_begin ] --START--
INFO: Run Behavior\ReadHtmlCacheBehavior [ RunTime:0.000000s ]
INFO: Run Behavior\CheckLangBehavior [ RunTime:0.000000s ]
INFO: [ app_begin ] --END-- [ RunTime:0.000000s ]
NOTIC: [8] Undefined index: url D:\wwwroot\yfcs\wwwroot\application\Common\Controller\AppframeController.class.php 第 24 行.

[ 2016-06-20T10:30:55+08:00 ] 49.86.25.26 /index.php?g=user&m=index&a=is_login
INFO: [ app_begin ] --START--
INFO: Run Behavior\ReadHtmlCacheBehavior [ RunTime:0.000000s ]
INFO: Run Behavior\CheckLangBehavior [ RunTime:0.000000s ]
INFO: [ app_begin ] --END-- [ RunTime:0.000000s ]
NOTIC: [8] Undefined index: url D:\wwwroot\yfcs\wwwroot\application\Common\Controller\AppframeController.class.php 第 24 行.

[ 2016-06-20T10:34:03+08:00 ] 49.86.25.26 /index.php?g=user&m=index&a=is_login
INFO: [ app_begin ] --START--
INFO: Run Behavior\ReadHtmlCacheBehavior [ RunTime:0.000000s ]
INFO: Run Behavior\CheckLangBehavior [ RunTime:0.000000s ]
INFO: [ app_begin ] --END-- [ RunTime:0.000000s ]
NOTIC: [8] Undefined index: url D:\wwwroot\yfcs\wwwroot\application\Common\Controller\AppframeController.class.php 第 24 行.

[ 2016-06-20T10:38:40+08:00 ] 49.86.25.26 /index.php?g=user&m=index&a=is_login
INFO: [ app_begin ] --START--
INFO: Run Behavior\ReadHtmlCacheBehavior [ RunTime:0.000000s ]
INFO: Run Behavior\CheckLangBehavior [ RunTime:0.000000s ]
INFO: [ app_begin ] --END-- [ RunTime:0.015625s ]
NOTIC: [8] Undefined index: url D:\wwwroot\yfcs\wwwroot\application\Common\Controller\AppframeController.class.php 第 24 行.

[ 2016-06-20T10:38:42+08:00 ] 49.86.25.26 /index.php?g=user&m=index&a=is_login
INFO: [ app_begin ] --START--
INFO: Run Behavior\ReadHtmlCacheBehavior [ RunTime:0.000000s ]
INFO: Run Behavior\CheckLangBehavior [ RunTime:0.000000s ]
INFO: [ app_begin ] --END-- [ RunTime:0.000000s ]
NOTIC: [8] Undefined index: url D:\wwwroot\yfcs\wwwroot\application\Common\Controller\AppframeController.class.php 第 24 行.

[ 2016-06-20T10:38:44+08:00 ] 49.86.25.26 /index.php?g=user&m=index&a=is_login
INFO: [ app_begin ] --START--
INFO: Run Behavior\ReadHtmlCacheBehavior [ RunTime:0.000000s ]
INFO: Run Behavior\CheckLangBehavior [ RunTime:0.000000s ]
INFO: [ app_begin ] --END-- [ RunTime:0.000000s ]
NOTIC: [8] Undefined index: url D:\wwwroot\yfcs\wwwroot\application\Common\Controller\AppframeController.class.php 第 24 行.

[ 2016-06-20T10:38:45+08:00 ] 49.86.25.26 /index.php?g=user&m=index&a=is_login
INFO: [ app_begin ] --START--
INFO: Run Behavior\ReadHtmlCacheBehavior [ RunTime:0.000000s ]
INFO: Run Behavior\CheckLangBehavior [ RunTime:0.000000s ]
INFO: [ app_begin ] --END-- [ RunTime:0.000000s ]
NOTIC: [8] Undefined index: url D:\wwwroot\yfcs\wwwroot\application\Common\Controller\AppframeController.class.php 第 24 行.

[ 2016-06-20T10:38:48+08:00 ] 49.86.25.26 /index.php?g=user&m=index&a=is_login
INFO: [ app_begin ] --START--
INFO: Run Behavior\ReadHtmlCacheBehavior [ RunTime:0.000000s ]
INFO: Run Behavior\CheckLangBehavior [ RunTime:0.000000s ]
INFO: [ app_begin ] --END-- [ RunTime:0.000000s ]
NOTIC: [8] Undefined index: url D:\wwwroot\yfcs\wwwroot\application\Common\Controller\AppframeController.class.php 第 24 行.

[ 2016-06-20T10:38:50+08:00 ] 49.86.25.26 /index.php?g=user&m=index&a=is_login
INFO: [ app_begin ] --START--
INFO: Run Behavior\ReadHtmlCacheBehavior [ RunTime:0.000000s ]
INFO: Run Behavior\CheckLangBehavior [ RunTime:0.000000s ]
INFO: [ app_begin ] --END-- [ RunTime:0.000000s ]
NOTIC: [8] Undefined index: url D:\wwwroot\yfcs\wwwroot\application\Common\Controller\AppframeController.class.php 第 24 行.

[ 2016-06-20T10:38:54+08:00 ] 49.86.25.26 /index.php?g=user&m=index&a=is_login
INFO: [ app_begin ] --START--
INFO: Run Behavior\ReadHtmlCacheBehavior [ RunTime:0.000000s ]
INFO: Run Behavior\CheckLangBehavior [ RunTime:0.000000s ]
INFO: [ app_begin ] --END-- [ RunTime:0.000000s ]
NOTIC: [8] Undefined index: url D:\wwwroot\yfcs\wwwroot\application\Common\Controller\AppframeController.class.php 第 24 行.

[ 2016-06-20T10:40:47+08:00 ] 49.86.25.26 /index.php?g=user&m=index&a=is_login
INFO: [ app_begin ] --START--
INFO: Run Behavior\ReadHtmlCacheBehavior [ RunTime:0.000000s ]
INFO: Run Behavior\CheckLangBehavior [ RunTime:0.000000s ]
INFO: [ app_begin ] --END-- [ RunTime:0.000000s ]
NOTIC: [8] Undefined index: url D:\wwwroot\yfcs\wwwroot\application\Common\Controller\AppframeController.class.php 第 24 行.

[ 2016-06-20T10:40:49+08:00 ] 49.86.25.26 /index.php?g=user&m=index&a=is_login
INFO: [ app_begin ] --START--
INFO: Run Behavior\ReadHtmlCacheBehavior [ RunTime:0.015625s ]
INFO: Run Behavior\CheckLangBehavior [ RunTime:0.000000s ]
INFO: [ app_begin ] --END-- [ RunTime:0.015625s ]
NOTIC: [8] Undefined index: url D:\wwwroot\yfcs\wwwroot\application\Common\Controller\AppframeController.class.php 第 24 行.

[ 2016-06-20T10:40:52+08:00 ] 49.86.25.26 /index.php?g=user&m=index&a=is_login
INFO: [ app_begin ] --START--
INFO: Run Behavior\ReadHtmlCacheBehavior [ RunTime:0.000000s ]
INFO: Run Behavior\CheckLangBehavior [ RunTime:0.000000s ]
INFO: [ app_begin ] --END-- [ RunTime:0.000000s ]
NOTIC: [8] Undefined index: url D:\wwwroot\yfcs\wwwroot\application\Common\Controller\AppframeController.class.php 第 24 行.

[ 2016-06-20T10:40:54+08:00 ] 49.86.25.26 /index.php?g=user&m=index&a=is_login
INFO: [ app_begin ] --START--
INFO: Run Behavior\ReadHtmlCacheBehavior [ RunTime:0.000000s ]
INFO: Run Behavior\CheckLangBehavior [ RunTime:0.000000s ]
INFO: [ app_begin ] --END-- [ RunTime:0.000000s ]
NOTIC: [8] Undefined index: url D:\wwwroot\yfcs\wwwroot\application\Common\Controller\AppframeController.class.php 第 24 行.

[ 2016-06-20T10:42:30+08:00 ] 49.86.25.26 /index.php?g=user&m=index&a=is_login
INFO: [ app_begin ] --START--
INFO: Run Behavior\ReadHtmlCacheBehavior [ RunTime:0.000000s ]
INFO: Run Behavior\CheckLangBehavior [ RunTime:0.000000s ]
INFO: [ app_begin ] --END-- [ RunTime:0.000000s ]
NOTIC: [8] Undefined index: url D:\wwwroot\yfcs\wwwroot\application\Common\Controller\AppframeController.class.php 第 24 行.

[ 2016-06-20T10:42:32+08:00 ] 49.86.25.26 /index.php?g=user&m=index&a=is_login
INFO: [ app_begin ] --START--
INFO: Run Behavior\ReadHtmlCacheBehavior [ RunTime:0.000000s ]
INFO: Run Behavior\CheckLangBehavior [ RunTime:0.000000s ]
INFO: [ app_begin ] --END-- [ RunTime:0.000000s ]
NOTIC: [8] Undefined index: url D:\wwwroot\yfcs\wwwroot\application\Common\Controller\AppframeController.class.php 第 24 行.

[ 2016-06-20T10:42:35+08:00 ] 49.86.25.26 /index.php?g=user&m=index&a=is_login
INFO: [ app_begin ] --START--
INFO: Run Behavior\ReadHtmlCacheBehavior [ RunTime:0.000000s ]
INFO: Run Behavior\CheckLangBehavior [ RunTime:0.000000s ]
INFO: [ app_begin ] --END-- [ RunTime:0.000000s ]
NOTIC: [8] Undefined index: url D:\wwwroot\yfcs\wwwroot\application\Common\Controller\AppframeController.class.php 第 24 行.

[ 2016-06-20T10:44:22+08:00 ] 49.86.25.26 /index.php?g=user&m=index&a=is_login
INFO: [ app_begin ] --START--
INFO: Run Behavior\ReadHtmlCacheBehavior [ RunTime:0.000000s ]
INFO: Run Behavior\CheckLangBehavior [ RunTime:0.000000s ]
INFO: [ app_begin ] --END-- [ RunTime:0.000000s ]
NOTIC: [8] Undefined index: url D:\wwwroot\yfcs\wwwroot\application\Common\Controller\AppframeController.class.php 第 24 行.

[ 2016-06-20T10:44:23+08:00 ] 49.86.25.26 /index.php?g=user&m=index&a=is_login
INFO: [ app_begin ] --START--
INFO: Run Behavior\ReadHtmlCacheBehavior [ RunTime:0.000000s ]
INFO: Run Behavior\CheckLangBehavior [ RunTime:0.000000s ]
INFO: [ app_begin ] --END-- [ RunTime:0.000000s ]
NOTIC: [8] Undefined index: url D:\wwwroot\yfcs\wwwroot\application\Common\Controller\AppframeController.class.php 第 24 行.

[ 2016-06-20T10:45:21+08:00 ] 49.86.25.26 /index.php?g=user&m=index&a=is_login
INFO: [ app_begin ] --START--
INFO: Run Behavior\ReadHtmlCacheBehavior [ RunTime:0.000000s ]
INFO: Run Behavior\CheckLangBehavior [ RunTime:0.000000s ]
INFO: [ app_begin ] --END-- [ RunTime:0.000000s ]
NOTIC: [8] Undefined index: url D:\wwwroot\yfcs\wwwroot\application\Common\Controller\AppframeController.class.php 第 24 行.

[ 2016-06-20T10:45:27+08:00 ] 49.86.25.26 /index.php?g=user&m=index&a=is_login
INFO: [ app_begin ] --START--
INFO: Run Behavior\ReadHtmlCacheBehavior [ RunTime:0.000000s ]
INFO: Run Behavior\CheckLangBehavior [ RunTime:0.000000s ]
INFO: [ app_begin ] --END-- [ RunTime:0.000000s ]
NOTIC: [8] Undefined index: url D:\wwwroot\yfcs\wwwroot\application\Common\Controller\AppframeController.class.php 第 24 行.

[ 2016-06-20T10:45:29+08:00 ] 49.86.25.26 /index.php?g=user&m=index&a=is_login
INFO: [ app_begin ] --START--
INFO: Run Behavior\ReadHtmlCacheBehavior [ RunTime:0.000000s ]
INFO: Run Behavior\CheckLangBehavior [ RunTime:0.000000s ]
INFO: [ app_begin ] --END-- [ RunTime:0.000000s ]
NOTIC: [8] Undefined index: url D:\wwwroot\yfcs\wwwroot\application\Common\Controller\AppframeController.class.php 第 24 行.

[ 2016-06-20T10:47:47+08:00 ] 49.86.25.26 /index.php?g=user&m=index&a=is_login
INFO: [ app_begin ] --START--
INFO: Run Behavior\ReadHtmlCacheBehavior [ RunTime:0.000000s ]
INFO: Run Behavior\CheckLangBehavior [ RunTime:0.000000s ]
INFO: [ app_begin ] --END-- [ RunTime:0.000000s ]
NOTIC: [8] Undefined index: url D:\wwwroot\yfcs\wwwroot\application\Common\Controller\AppframeController.class.php 第 24 行.

[ 2016-06-20T10:50:37+08:00 ] 49.86.25.26 /index.php?g=user&m=index&a=is_login
INFO: [ app_begin ] --START--
INFO: Run Behavior\ReadHtmlCacheBehavior [ RunTime:0.000000s ]
INFO: Run Behavior\CheckLangBehavior [ RunTime:0.000000s ]
INFO: [ app_begin ] --END-- [ RunTime:0.000000s ]
NOTIC: [8] Undefined index: url D:\wwwroot\yfcs\wwwroot\application\Common\Controller\AppframeController.class.php 第 24 行.

[ 2016-06-20T10:50:57+08:00 ] 49.86.25.26 /index.php?g=user&m=index&a=is_login
INFO: [ app_begin ] --START--
INFO: Run Behavior\ReadHtmlCacheBehavior [ RunTime:0.000000s ]
INFO: Run Behavior\CheckLangBehavior [ RunTime:0.000000s ]
INFO: [ app_begin ] --END-- [ RunTime:0.000000s ]
NOTIC: [8] Undefined index: url D:\wwwroot\yfcs\wwwroot\application\Common\Controller\AppframeController.class.php 第 24 行.

[ 2016-06-20T10:52:24+08:00 ] 49.86.25.26 /index.php?g=user&m=index&a=is_login
INFO: [ app_begin ] --START--
INFO: Run Behavior\ReadHtmlCacheBehavior [ RunTime:0.000000s ]
INFO: Run Behavior\CheckLangBehavior [ RunTime:0.000000s ]
INFO: [ app_begin ] --END-- [ RunTime:0.000000s ]
NOTIC: [8] Undefined index: url D:\wwwroot\yfcs\wwwroot\application\Common\Controller\AppframeController.class.php 第 24 行.

[ 2016-06-20T10:56:53+08:00 ] 49.86.25.26 /index.php?g=user&m=index&a=is_login
INFO: [ app_begin ] --START--
INFO: Run Behavior\ReadHtmlCacheBehavior [ RunTime:0.000000s ]
INFO: Run Behavior\CheckLangBehavior [ RunTime:0.000000s ]
INFO: [ app_begin ] --END-- [ RunTime:0.000000s ]
NOTIC: [8] Undefined index: url D:\wwwroot\yfcs\wwwroot\application\Common\Controller\AppframeController.class.php 第 24 行.

[ 2016-06-20T10:56:54+08:00 ] 49.86.25.26 /index.php?g=user&m=index&a=is_login
INFO: [ app_begin ] --START--
INFO: Run Behavior\ReadHtmlCacheBehavior [ RunTime:0.000000s ]
INFO: Run Behavior\CheckLangBehavior [ RunTime:0.000000s ]
INFO: [ app_begin ] --END-- [ RunTime:0.015625s ]
NOTIC: [8] Undefined index: url D:\wwwroot\yfcs\wwwroot\application\Common\Controller\AppframeController.class.php 第 24 行.

[ 2016-06-20T10:57:04+08:00 ] 49.86.25.26 /index.php?g=user&m=index&a=is_login
INFO: [ app_begin ] --START--
INFO: Run Behavior\ReadHtmlCacheBehavior [ RunTime:0.015625s ]
INFO: Run Behavior\CheckLangBehavior [ RunTime:0.000000s ]
INFO: [ app_begin ] --END-- [ RunTime:0.015625s ]
NOTIC: [8] Undefined index: url D:\wwwroot\yfcs\wwwroot\application\Common\Controller\AppframeController.class.php 第 24 行.

[ 2016-06-20T10:57:31+08:00 ] 49.86.25.26 /index.php?g=user&m=index&a=is_login
INFO: [ app_begin ] --START--
INFO: Run Behavior\ReadHtmlCacheBehavior [ RunTime:0.000000s ]
INFO: Run Behavior\CheckLangBehavior [ RunTime:0.000000s ]
INFO: [ app_begin ] --END-- [ RunTime:0.000000s ]
NOTIC: [8] Undefined index: url D:\wwwroot\yfcs\wwwroot\application\Common\Controller\AppframeController.class.php 第 24 行.

[ 2016-06-20T10:58:05+08:00 ] 49.86.25.26 /index.php?g=user&m=index&a=is_login
INFO: [ app_begin ] --START--
INFO: Run Behavior\ReadHtmlCacheBehavior [ RunTime:0.000000s ]
INFO: Run Behavior\CheckLangBehavior [ RunTime:0.000000s ]
INFO: [ app_begin ] --END-- [ RunTime:0.000000s ]
NOTIC: [8] Undefined index: url D:\wwwroot\yfcs\wwwroot\application\Common\Controller\AppframeController.class.php 第 24 行.

[ 2016-06-20T10:58:42+08:00 ] 49.86.25.26 /index.php?g=user&m=index&a=is_login
INFO: [ app_begin ] --START--
INFO: Run Behavior\ReadHtmlCacheBehavior [ RunTime:0.000000s ]
INFO: Run Behavior\CheckLangBehavior [ RunTime:0.000000s ]
INFO: [ app_begin ] --END-- [ RunTime:0.000000s ]
NOTIC: [8] Undefined index: url D:\wwwroot\yfcs\wwwroot\application\Common\Controller\AppframeController.class.php 第 24 行.

[ 2016-06-20T10:59:38+08:00 ] 49.86.25.26 /index.php?g=user&m=index&a=is_login
INFO: [ app_begin ] --START--
INFO: Run Behavior\ReadHtmlCacheBehavior [ RunTime:0.000000s ]
INFO: Run Behavior\CheckLangBehavior [ RunTime:0.000000s ]
INFO: [ app_begin ] --END-- [ RunTime:0.000000s ]
NOTIC: [8] Undefined index: url D:\wwwroot\yfcs\wwwroot\application\Common\Controller\AppframeController.class.php 第 24 行.

[ 2016-06-20T10:59:44+08:00 ] 49.86.25.26 /index.php?g=user&m=index&a=is_login
INFO: [ app_begin ] --START--
INFO: Run Behavior\ReadHtmlCacheBehavior [ RunTime:0.000000s ]
INFO: Run Behavior\CheckLangBehavior [ RunTime:0.000000s ]
INFO: [ app_begin ] --END-- [ RunTime:0.000000s ]
NOTIC: [8] Undefined index: url D:\wwwroot\yfcs\wwwroot\application\Common\Controller\AppframeController.class.php 第 24 行.

[ 2016-06-20T11:01:55+08:00 ] 49.86.25.26 /index.php?g=user&m=index&a=is_login
INFO: [ app_begin ] --START--
INFO: Run Behavior\ReadHtmlCacheBehavior [ RunTime:0.000000s ]
INFO: Run Behavior\CheckLangBehavior [ RunTime:0.000000s ]
INFO: [ app_begin ] --END-- [ RunTime:0.015625s ]
NOTIC: [8] Undefined index: url D:\wwwroot\yfcs\wwwroot\application\Common\Controller\AppframeController.class.php 第 24 行.

[ 2016-06-20T11:02:27+08:00 ] 49.86.25.26 /index.php?g=user&m=index&a=is_login
INFO: [ app_begin ] --START--
INFO: Run Behavior\ReadHtmlCacheBehavior [ RunTime:0.000000s ]
INFO: Run Behavior\CheckLangBehavior [ RunTime:0.000000s ]
INFO: [ app_begin ] --END-- [ RunTime:0.000000s ]
NOTIC: [8] Undefined index: url D:\wwwroot\yfcs\wwwroot\application\Common\Controller\AppframeController.class.php 第 24 行.

[ 2016-06-20T11:03:05+08:00 ] 49.86.25.26 /index.php?g=user&m=index&a=is_login
INFO: [ app_begin ] --START--
INFO: Run Behavior\ReadHtmlCacheBehavior [ RunTime:0.000000s ]
INFO: Run Behavior\CheckLangBehavior [ RunTime:0.000000s ]
INFO: [ app_begin ] --END-- [ RunTime:0.000000s ]
NOTIC: [8] Undefined index: url D:\wwwroot\yfcs\wwwroot\application\Common\Controller\AppframeController.class.php 第 24 行.

[ 2016-06-20T11:03:47+08:00 ] 49.86.25.26 /index.php?g=user&m=index&a=is_login
INFO: [ app_begin ] --START--
INFO: Run Behavior\ReadHtmlCacheBehavior [ RunTime:0.000000s ]
INFO: Run Behavior\CheckLangBehavior [ RunTime:0.000000s ]
INFO: [ app_begin ] --END-- [ RunTime:0.000000s ]
NOTIC: [8] Undefined index: url D:\wwwroot\yfcs\wwwroot\application\Common\Controller\AppframeController.class.php 第 24 行.

[ 2016-06-20T11:03:48+08:00 ] 49.86.25.26 /index.php?g=user&m=index&a=is_login
INFO: [ app_begin ] --START--
INFO: Run Behavior\ReadHtmlCacheBehavior [ RunTime:0.000000s ]
INFO: Run Behavior\CheckLangBehavior [ RunTime:0.000000s ]
INFO: [ app_begin ] --END-- [ RunTime:0.000000s ]
NOTIC: [8] Undefined index: url D:\wwwroot\yfcs\wwwroot\application\Common\Controller\AppframeController.class.php 第 24 行.

[ 2016-06-20T11:06:52+08:00 ] 49.86.25.26 /index.php?g=user&m=index&a=is_login
INFO: [ app_begin ] --START--
INFO: Run Behavior\ReadHtmlCacheBehavior [ RunTime:0.000000s ]
INFO: Run Behavior\CheckLangBehavior [ RunTime:0.000000s ]
INFO: [ app_begin ] --END-- [ RunTime:0.000000s ]
NOTIC: [8] Undefined index: url D:\wwwroot\yfcs\wwwroot\application\Common\Controller\AppframeController.class.php 第 24 行.

[ 2016-06-20T11:15:42+08:00 ] 49.86.25.26 /index.php?g=user&m=index&a=is_login
INFO: [ app_begin ] --START--
INFO: Run Behavior\ReadHtmlCacheBehavior [ RunTime:0.000000s ]
INFO: Run Behavior\CheckLangBehavior [ RunTime:0.000000s ]
INFO: [ app_begin ] --END-- [ RunTime:0.000000s ]
NOTIC: [8] Undefined index: url D:\wwwroot\yfcs\wwwroot\application\Common\Controller\AppframeController.class.php 第 24 行.

[ 2016-06-20T11:16:28+08:00 ] 49.86.25.26 /index.php?g=user&m=index&a=is_login
INFO: [ app_begin ] --START--
INFO: Run Behavior\ReadHtmlCacheBehavior [ RunTime:0.000000s ]
INFO: Run Behavior\CheckLangBehavior [ RunTime:0.000000s ]
INFO: [ app_begin ] --END-- [ RunTime:0.000000s ]
NOTIC: [8] Undefined index: url D:\wwwroot\yfcs\wwwroot\application\Common\Controller\AppframeController.class.php 第 24 行.

[ 2016-06-20T11:16:30+08:00 ] 49.86.25.26 /index.php?g=user&m=index&a=is_login
INFO: [ app_begin ] --START--
INFO: Run Behavior\ReadHtmlCacheBehavior [ RunTime:0.000000s ]
INFO: Run Behavior\CheckLangBehavior [ RunTime:0.000000s ]
INFO: [ app_begin ] --END-- [ RunTime:0.000000s ]
NOTIC: [8] Undefined index: url D:\wwwroot\yfcs\wwwroot\application\Common\Controller\AppframeController.class.php 第 24 行.

[ 2016-06-20T11:16:40+08:00 ] 49.86.25.26 /index.php?g=user&m=index&a=is_login
INFO: [ app_begin ] --START--
INFO: Run Behavior\ReadHtmlCacheBehavior [ RunTime:0.000000s ]
INFO: Run Behavior\CheckLangBehavior [ RunTime:0.000000s ]
INFO: [ app_begin ] --END-- [ RunTime:0.000000s ]
NOTIC: [8] Undefined index: url D:\wwwroot\yfcs\wwwroot\application\Common\Controller\AppframeController.class.php 第 24 行.

[ 2016-06-20T11:24:23+08:00 ] 49.86.25.26 /index.php?g=user&m=index&a=is_login
INFO: [ app_begin ] --START--
INFO: Run Behavior\ReadHtmlCacheBehavior [ RunTime:0.000000s ]
INFO: Run Behavior\CheckLangBehavior [ RunTime:0.000000s ]
INFO: [ app_begin ] --END-- [ RunTime:0.000000s ]
NOTIC: [8] Undefined index: url D:\wwwroot\yfcs\wwwroot\application\Common\Controller\AppframeController.class.php 第 24 行.

[ 2016-06-20T11:24:48+08:00 ] 49.86.25.26 /index.php?g=user&m=index&a=is_login
INFO: [ app_begin ] --START--
INFO: Run Behavior\ReadHtmlCacheBehavior [ RunTime:0.000000s ]
INFO: Run Behavior\CheckLangBehavior [ RunTime:0.000000s ]
INFO: [ app_begin ] --END-- [ RunTime:0.000000s ]
NOTIC: [8] Undefined index: url D:\wwwroot\yfcs\wwwroot\application\Common\Controller\AppframeController.class.php 第 24 行.

[ 2016-06-20T11:25:02+08:00 ] 49.86.25.26 /index.php?g=user&m=index&a=is_login
INFO: [ app_begin ] --START--
INFO: Run Behavior\ReadHtmlCacheBehavior [ RunTime:0.000000s ]
INFO: Run Behavior\CheckLangBehavior [ RunTime:0.000000s ]
INFO: [ app_begin ] --END-- [ RunTime:0.000000s ]
NOTIC: [8] Undefined index: url D:\wwwroot\yfcs\wwwroot\application\Common\Controller\AppframeController.class.php 第 24 行.

[ 2016-06-20T11:25:42+08:00 ] 49.86.25.26 /index.php?g=user&m=index&a=is_login
INFO: [ app_begin ] --START--
INFO: Run Behavior\ReadHtmlCacheBehavior [ RunTime:0.000000s ]
INFO: Run Behavior\CheckLangBehavior [ RunTime:0.000000s ]
INFO: [ app_begin ] --END-- [ RunTime:0.000000s ]
NOTIC: [8] Undefined index: url D:\wwwroot\yfcs\wwwroot\application\Common\Controller\AppframeController.class.php 第 24 行.

[ 2016-06-20T11:25:47+08:00 ] 49.86.25.26 /index.php?g=user&m=index&a=is_login
INFO: [ app_begin ] --START--
INFO: Run Behavior\ReadHtmlCacheBehavior [ RunTime:0.000000s ]
INFO: Run Behavior\CheckLangBehavior [ RunTime:0.000000s ]
INFO: [ app_begin ] --END-- [ RunTime:0.000000s ]
NOTIC: [8] Undefined index: url D:\wwwroot\yfcs\wwwroot\application\Common\Controller\AppframeController.class.php 第 24 行.

[ 2016-06-20T11:26:47+08:00 ] 49.86.25.26 /index.php?g=user&m=index&a=is_login
INFO: [ app_begin ] --START--
INFO: Run Behavior\ReadHtmlCacheBehavior [ RunTime:0.000000s ]
INFO: Run Behavior\CheckLangBehavior [ RunTime:0.000000s ]
INFO: [ app_begin ] --END-- [ RunTime:0.000000s ]
NOTIC: [8] Undefined index: url D:\wwwroot\yfcs\wwwroot\application\Common\Controller\AppframeController.class.php 第 24 行.

[ 2016-06-20T11:26:50+08:00 ] 49.86.25.26 /index.php?g=user&m=index&a=is_login
INFO: [ app_begin ] --START--
INFO: Run Behavior\ReadHtmlCacheBehavior [ RunTime:0.000000s ]
INFO: Run Behavior\CheckLangBehavior [ RunTime:0.000000s ]
INFO: [ app_begin ] --END-- [ RunTime:0.000000s ]
NOTIC: [8] Undefined index: url D:\wwwroot\yfcs\wwwroot\application\Common\Controller\AppframeController.class.php 第 24 行.

[ 2016-06-20T11:27:05+08:00 ] 49.86.25.26 /index.php?g=user&m=index&a=is_login
INFO: [ app_begin ] --START--
INFO: Run Behavior\ReadHtmlCacheBehavior [ RunTime:0.000000s ]
INFO: Run Behavior\CheckLangBehavior [ RunTime:0.000000s ]
INFO: [ app_begin ] --END-- [ RunTime:0.000000s ]
NOTIC: [8] Undefined index: url D:\wwwroot\yfcs\wwwroot\application\Common\Controller\AppframeController.class.php 第 24 行.

[ 2016-06-20T11:27:15+08:00 ] 49.86.25.26 /index.php?g=user&m=index&a=is_login
INFO: [ app_begin ] --START--
INFO: Run Behavior\ReadHtmlCacheBehavior [ RunTime:0.000000s ]
INFO: Run Behavior\CheckLangBehavior [ RunTime:0.000000s ]
INFO: [ app_begin ] --END-- [ RunTime:0.000000s ]
NOTIC: [8] Undefined index: url D:\wwwroot\yfcs\wwwroot\application\Common\Controller\AppframeController.class.php 第 24 行.

[ 2016-06-20T11:27:20+08:00 ] 49.86.25.26 /index.php?g=user&m=index&a=is_login
INFO: [ app_begin ] --START--
INFO: Run Behavior\ReadHtmlCacheBehavior [ RunTime:0.000000s ]
INFO: Run Behavior\CheckLangBehavior [ RunTime:0.000000s ]
INFO: [ app_begin ] --END-- [ RunTime:0.000000s ]
NOTIC: [8] Undefined index: url D:\wwwroot\yfcs\wwwroot\application\Common\Controller\AppframeController.class.php 第 24 行.

[ 2016-06-20T11:27:22+08:00 ] 49.86.25.26 /index.php?g=user&m=index&a=is_login
INFO: [ app_begin ] --START--
INFO: Run Behavior\ReadHtmlCacheBehavior [ RunTime:0.000000s ]
INFO: Run Behavior\CheckLangBehavior [ RunTime:0.000000s ]
INFO: [ app_begin ] --END-- [ RunTime:0.000000s ]
NOTIC: [8] Undefined index: url D:\wwwroot\yfcs\wwwroot\application\Common\Controller\AppframeController.class.php 第 24 行.

[ 2016-06-20T11:27:33+08:00 ] 49.86.25.26 /index.php?g=user&m=index&a=is_login
INFO: [ app_begin ] --START--
INFO: Run Behavior\ReadHtmlCacheBehavior [ RunTime:0.000000s ]
INFO: Run Behavior\CheckLangBehavior [ RunTime:0.000000s ]
INFO: [ app_begin ] --END-- [ RunTime:0.000000s ]
NOTIC: [8] Undefined index: url D:\wwwroot\yfcs\wwwroot\application\Common\Controller\AppframeController.class.php 第 24 行.

[ 2016-06-20T11:27:36+08:00 ] 49.86.25.26 /index.php?g=user&m=index&a=is_login
INFO: [ app_begin ] --START--
INFO: Run Behavior\ReadHtmlCacheBehavior [ RunTime:0.000000s ]
INFO: Run Behavior\CheckLangBehavior [ RunTime:0.000000s ]
INFO: [ app_begin ] --END-- [ RunTime:0.000000s ]
NOTIC: [8] Undefined index: url D:\wwwroot\yfcs\wwwroot\application\Common\Controller\AppframeController.class.php 第 24 行.

[ 2016-06-20T11:31:07+08:00 ] 49.86.25.26 /index.php?g=user&m=index&a=is_login
INFO: [ app_begin ] --START--
INFO: Run Behavior\ReadHtmlCacheBehavior [ RunTime:0.000000s ]
INFO: Run Behavior\CheckLangBehavior [ RunTime:0.000000s ]
INFO: [ app_begin ] --END-- [ RunTime:0.000000s ]
NOTIC: [8] Undefined index: url D:\wwwroot\yfcs\wwwroot\application\Common\Controller\AppframeController.class.php 第 24 行.

[ 2016-06-20T11:31:10+08:00 ] 49.86.25.26 /index.php?g=user&m=index&a=is_login
INFO: [ app_begin ] --START--
INFO: Run Behavior\ReadHtmlCacheBehavior [ RunTime:0.000000s ]
INFO: Run Behavior\CheckLangBehavior [ RunTime:0.000000s ]
INFO: [ app_begin ] --END-- [ RunTime:0.000000s ]
NOTIC: [8] Undefined index: url D:\wwwroot\yfcs\wwwroot\application\Common\Controller\AppframeController.class.php 第 24 行.

[ 2016-06-20T11:35:14+08:00 ] 49.86.25.26 /index.php?g=user&m=index&a=is_login
INFO: [ app_begin ] --START--
INFO: Run Behavior\ReadHtmlCacheBehavior [ RunTime:0.000000s ]
INFO: Run Behavior\CheckLangBehavior [ RunTime:0.000000s ]
INFO: [ app_begin ] --END-- [ RunTime:0.000000s ]
NOTIC: [8] Undefined index: url D:\wwwroot\yfcs\wwwroot\application\Common\Controller\AppframeController.class.php 第 24 行.

[ 2016-06-20T11:35:29+08:00 ] 49.86.25.26 /index.php?g=user&m=index&a=is_login
INFO: [ app_begin ] --START--
INFO: Run Behavior\ReadHtmlCacheBehavior [ RunTime:0.000000s ]
INFO: Run Behavior\CheckLangBehavior [ RunTime:0.000000s ]
INFO: [ app_begin ] --END-- [ RunTime:0.000000s ]
NOTIC: [8] Undefined index: url D:\wwwroot\yfcs\wwwroot\application\Common\Controller\AppframeController.class.php 第 24 行.

[ 2016-06-20T11:35:40+08:00 ] 49.86.25.26 /index.php?g=user&m=index&a=is_login
INFO: [ app_begin ] --START--
INFO: Run Behavior\ReadHtmlCacheBehavior [ RunTime:0.000000s ]
INFO: Run Behavior\CheckLangBehavior [ RunTime:0.000000s ]
INFO: [ app_begin ] --END-- [ RunTime:0.000000s ]
NOTIC: [8] Undefined index: url D:\wwwroot\yfcs\wwwroot\application\Common\Controller\AppframeController.class.php 第 24 行.

[ 2016-06-20T11:35:51+08:00 ] 49.86.25.26 /index.php?g=user&m=index&a=is_login
INFO: [ app_begin ] --START--
INFO: Run Behavior\ReadHtmlCacheBehavior [ RunTime:0.000000s ]
INFO: Run Behavior\CheckLangBehavior [ RunTime:0.000000s ]
INFO: [ app_begin ] --END-- [ RunTime:0.000000s ]
NOTIC: [8] Undefined index: url D:\wwwroot\yfcs\wwwroot\application\Common\Controller\AppframeController.class.php 第 24 行.

[ 2016-06-20T11:35:53+08:00 ] 49.86.25.26 /index.php?g=user&m=index&a=is_login
INFO: [ app_begin ] --START--
INFO: Run Behavior\ReadHtmlCacheBehavior [ RunTime:0.000000s ]
INFO: Run Behavior\CheckLangBehavior [ RunTime:0.000000s ]
INFO: [ app_begin ] --END-- [ RunTime:0.000000s ]
NOTIC: [8] Undefined index: url D:\wwwroot\yfcs\wwwroot\application\Common\Controller\AppframeController.class.php 第 24 行.

[ 2016-06-20T11:35:55+08:00 ] 49.86.25.26 /index.php?g=user&m=index&a=is_login
INFO: [ app_begin ] --START--
INFO: Run Behavior\ReadHtmlCacheBehavior [ RunTime:0.000000s ]
INFO: Run Behavior\CheckLangBehavior [ RunTime:0.000000s ]
INFO: [ app_begin ] --END-- [ RunTime:0.000000s ]
NOTIC: [8] Undefined index: url D:\wwwroot\yfcs\wwwroot\application\Common\Controller\AppframeController.class.php 第 24 行.

[ 2016-06-20T11:35:59+08:00 ] 49.86.25.26 /index.php?g=user&m=index&a=is_login
INFO: [ app_begin ] --START--
INFO: Run Behavior\ReadHtmlCacheBehavior [ RunTime:0.000000s ]
INFO: Run Behavior\CheckLangBehavior [ RunTime:0.000000s ]
INFO: [ app_begin ] --END-- [ RunTime:0.000000s ]
NOTIC: [8] Undefined index: url D:\wwwroot\yfcs\wwwroot\application\Common\Controller\AppframeController.class.php 第 24 行.

[ 2016-06-20T11:36:12+08:00 ] 49.86.25.26 /index.php?g=user&m=index&a=is_login
INFO: [ app_begin ] --START--
INFO: Run Behavior\ReadHtmlCacheBehavior [ RunTime:0.000000s ]
INFO: Run Behavior\CheckLangBehavior [ RunTime:0.000000s ]
INFO: [ app_begin ] --END-- [ RunTime:0.000000s ]
NOTIC: [8] Undefined index: url D:\wwwroot\yfcs\wwwroot\application\Common\Controller\AppframeController.class.php 第 24 行.

