[ 2016-06-19T22:35:23+08:00 ] 180.119.219.103 /index.php?g=user&m=index&a=is_login
INFO: [ app_begin ] --START--
INFO: Run Behavior\ReadHtmlCacheBehavior [ RunTime:0.000000s ]
INFO: Run Behavior\CheckLangBehavior [ RunTime:0.000000s ]
INFO: [ app_begin ] --END-- [ RunTime:0.000000s ]
NOTIC: [8] Undefined index: url D:\wwwroot\yfcs\wwwroot\application\Common\Controller\AppframeController.class.php 第 24 行.

[ 2016-06-19T22:38:15+08:00 ] 180.119.219.103 /index.php?g=user&m=index&a=is_login
INFO: [ app_begin ] --START--
INFO: Run Behavior\ReadHtmlCacheBehavior [ RunTime:0.000000s ]
INFO: Run Behavior\CheckLangBehavior [ RunTime:0.000000s ]
INFO: [ app_begin ] --END-- [ RunTime:0.000000s ]
NOTIC: [8] Undefined index: url D:\wwwroot\yfcs\wwwroot\application\Common\Controller\AppframeController.class.php 第 24 行.

[ 2016-06-19T22:38:27+08:00 ] 180.119.219.103 /index.php?g=user&m=index&a=is_login
INFO: [ app_begin ] --START--
INFO: Run Behavior\ReadHtmlCacheBehavior [ RunTime:0.000000s ]
INFO: Run Behavior\CheckLangBehavior [ RunTime:0.000000s ]
INFO: [ app_begin ] --END-- [ RunTime:0.000000s ]
NOTIC: [8] Undefined index: url D:\wwwroot\yfcs\wwwroot\application\Common\Controller\AppframeController.class.php 第 24 行.

[ 2016-06-19T22:43:39+08:00 ] 180.119.219.103 /index.php?g=user&m=index&a=is_login
INFO: [ app_begin ] --START--
INFO: Run Behavior\ReadHtmlCacheBehavior [ RunTime:0.000000s ]
INFO: Run Behavior\CheckLangBehavior [ RunTime:0.000000s ]
INFO: [ app_begin ] --END-- [ RunTime:0.000000s ]
NOTIC: [8] Undefined index: url D:\wwwroot\yfcs\wwwroot\application\Common\Controller\AppframeController.class.php 第 24 行.

[ 2016-06-19T22:44:47+08:00 ] 180.119.219.103 /index.php?g=user&m=index&a=is_login
INFO: [ app_begin ] --START--
INFO: Run Behavior\ReadHtmlCacheBehavior [ RunTime:0.000000s ]
INFO: Run Behavior\CheckLangBehavior [ RunTime:0.000000s ]
INFO: [ app_begin ] --END-- [ RunTime:0.000000s ]
NOTIC: [8] Undefined index: url D:\wwwroot\yfcs\wwwroot\application\Common\Controller\AppframeController.class.php 第 24 行.

[ 2016-06-19T22:44:56+08:00 ] 180.119.219.103 /index.php?g=user&m=index&a=is_login
INFO: [ app_begin ] --START--
INFO: Run Behavior\ReadHtmlCacheBehavior [ RunTime:0.000000s ]
INFO: Run Behavior\CheckLangBehavior [ RunTime:0.000000s ]
INFO: [ app_begin ] --END-- [ RunTime:0.000000s ]
NOTIC: [8] Undefined index: url D:\wwwroot\yfcs\wwwroot\application\Common\Controller\AppframeController.class.php 第 24 行.

[ 2016-06-19T22:44:59+08:00 ] 180.119.219.103 /index.php?g=user&m=index&a=is_login
INFO: [ app_begin ] --START--
INFO: Run Behavior\ReadHtmlCacheBehavior [ RunTime:0.000000s ]
INFO: Run Behavior\CheckLangBehavior [ RunTime:0.000000s ]
INFO: [ app_begin ] --END-- [ RunTime:0.000000s ]
NOTIC: [8] Undefined index: url D:\wwwroot\yfcs\wwwroot\application\Common\Controller\AppframeController.class.php 第 24 行.

[ 2016-06-19T22:45:25+08:00 ] 180.119.219.103 /index.php?g=user&m=index&a=is_login
INFO: [ app_begin ] --START--
INFO: Run Behavior\ReadHtmlCacheBehavior [ RunTime:0.000000s ]
INFO: Run Behavior\CheckLangBehavior [ RunTime:0.000000s ]
INFO: [ app_begin ] --END-- [ RunTime:0.000000s ]
NOTIC: [8] Undefined index: url D:\wwwroot\yfcs\wwwroot\application\Common\Controller\AppframeController.class.php 第 24 行.

[ 2016-06-19T22:45:28+08:00 ] 180.119.219.103 /index.php?g=user&m=index&a=is_login
INFO: [ app_begin ] --START--
INFO: Run Behavior\ReadHtmlCacheBehavior [ RunTime:0.000000s ]
INFO: Run Behavior\CheckLangBehavior [ RunTime:0.000000s ]
INFO: [ app_begin ] --END-- [ RunTime:0.000000s ]
NOTIC: [8] Undefined index: url D:\wwwroot\yfcs\wwwroot\application\Common\Controller\AppframeController.class.php 第 24 行.

[ 2016-06-19T22:45:33+08:00 ] 180.119.219.103 /index.php?g=user&m=index&a=is_login
INFO: [ app_begin ] --START--
INFO: Run Behavior\ReadHtmlCacheBehavior [ RunTime:0.000000s ]
INFO: Run Behavior\CheckLangBehavior [ RunTime:0.000000s ]
INFO: [ app_begin ] --END-- [ RunTime:0.000000s ]
NOTIC: [8] Undefined index: url D:\wwwroot\yfcs\wwwroot\application\Common\Controller\AppframeController.class.php 第 24 行.

[ 2016-06-19T22:45:38+08:00 ] 180.119.219.103 /index.php?g=user&m=index&a=is_login
INFO: [ app_begin ] --START--
INFO: Run Behavior\ReadHtmlCacheBehavior [ RunTime:0.000000s ]
INFO: Run Behavior\CheckLangBehavior [ RunTime:0.000000s ]
INFO: [ app_begin ] --END-- [ RunTime:0.000000s ]
NOTIC: [8] Undefined index: url D:\wwwroot\yfcs\wwwroot\application\Common\Controller\AppframeController.class.php 第 24 行.

[ 2016-06-19T22:45:41+08:00 ] 180.119.219.103 /index.php?g=user&m=index&a=is_login
INFO: [ app_begin ] --START--
INFO: Run Behavior\ReadHtmlCacheBehavior [ RunTime:0.000000s ]
INFO: Run Behavior\CheckLangBehavior [ RunTime:0.000000s ]
INFO: [ app_begin ] --END-- [ RunTime:0.000000s ]
NOTIC: [8] Undefined index: url D:\wwwroot\yfcs\wwwroot\application\Common\Controller\AppframeController.class.php 第 24 行.

[ 2016-06-19T23:46:21+08:00 ] 180.119.219.103 /index.php?g=user&m=index&a=is_login
INFO: [ app_begin ] --START--
INFO: Run Behavior\ReadHtmlCacheBehavior [ RunTime:0.000000s ]
INFO: Run Behavior\CheckLangBehavior [ RunTime:0.000000s ]
INFO: [ app_begin ] --END-- [ RunTime:0.000000s ]
NOTIC: [8] Undefined index: url D:\wwwroot\yfcs\wwwroot\application\Common\Controller\AppframeController.class.php 第 24 行.

