[ 2016-06-15T17:36:16+08:00 ] 127.0.0.1 /index.php?g=user&m=index&a=is_login
INFO: [ app_begin ] --START--
INFO: Run Behavior\ReadHtmlCacheBehavior [ RunTime:0.000394s ]
INFO: Run Behavior\CheckLangBehavior [ RunTime:0.000671s ]
INFO: [ app_begin ] --END-- [ RunTime:0.001433s ]
NOTIC: [8] Undefined index: url C:\Studio\wamp\www\Rst\application\Common\Controller\AppframeController.class.php 第 24 行.

[ 2016-06-15T17:36:24+08:00 ] 127.0.0.1 /index.php?g=user&m=index&a=is_login
INFO: [ app_begin ] --START--
INFO: Run Behavior\ReadHtmlCacheBehavior [ RunTime:0.000397s ]
INFO: Run Behavior\CheckLangBehavior [ RunTime:0.000601s ]
INFO: [ app_begin ] --END-- [ RunTime:0.001398s ]
NOTIC: [8] Undefined index: url C:\Studio\wamp\www\Rst\application\Common\Controller\AppframeController.class.php 第 24 行.

[ 2016-06-15T17:36:50+08:00 ] 127.0.0.1 /index.php?g=user&m=register&a=doregister
INFO: [ app_begin ] --START--
INFO: Run Behavior\ReadHtmlCacheBehavior [ RunTime:0.000697s ]
INFO: Run Behavior\CheckLangBehavior [ RunTime:0.000880s ]
INFO: [ app_begin ] --END-- [ RunTime:0.001934s ]
SQL: SHOW COLUMNS FROM `rst_users` [ RunTime:0.0104s ]
NOTIC: [8] Undefined index: auto C:\Studio\wamp\www\Rst\simplewind\Core\Library\Think\Model.class.php 第 1128 行.
SQL: SELECT COUNT(*) AS tp_count FROM `rst_users` WHERE `user_login` = '970523151_qq_com' OR `user_email` = '970523151@qq.com' LIMIT 1   [ RunTime:0.0002s ]
SQL: INSERT INTO `rst_users` (`user_login`,`user_email`,`user_nicename`,`user_pass`,`last_login_ip`,`create_time`,`last_login_time`,`user_status`,`user_type`) VALUES ('970523151_qq_com','970523151@qq.com','970523151_qq_com','###d813c8ba5e789df62d1c1c5515cad66b','127.0.0.1','2016-06-15 17:36:50','2016-06-15 17:36:50','1','2') [ RunTime:0.0002s ]

[ 2016-06-15T17:36:52+08:00 ] 127.0.0.1 /index.php?g=user&m=index&a=is_login
INFO: [ app_begin ] --START--
INFO: Run Behavior\ReadHtmlCacheBehavior [ RunTime:0.000583s ]
INFO: Run Behavior\CheckLangBehavior [ RunTime:0.000886s ]
INFO: [ app_begin ] --END-- [ RunTime:0.001867s ]
NOTIC: [8] Undefined index: url C:\Studio\wamp\www\Rst\application\Common\Controller\AppframeController.class.php 第 24 行.

[ 2016-06-15T17:36:53+08:00 ] 127.0.0.1 /index.php?g=user&m=index&a=is_login
INFO: [ app_begin ] --START--
INFO: Run Behavior\ReadHtmlCacheBehavior [ RunTime:0.000575s ]
INFO: Run Behavior\CheckLangBehavior [ RunTime:0.000893s ]
INFO: [ app_begin ] --END-- [ RunTime:0.001860s ]
NOTIC: [8] Undefined index: url C:\Studio\wamp\www\Rst\application\Common\Controller\AppframeController.class.php 第 24 行.

[ 2016-06-15T17:36:55+08:00 ] 127.0.0.1 /index.php?g=user&m=index&a=is_login
INFO: [ app_begin ] --START--
INFO: Run Behavior\ReadHtmlCacheBehavior [ RunTime:0.000622s ]
INFO: Run Behavior\CheckLangBehavior [ RunTime:0.000971s ]
INFO: [ app_begin ] --END-- [ RunTime:0.002021s ]
NOTIC: [8] Undefined index: url C:\Studio\wamp\www\Rst\application\Common\Controller\AppframeController.class.php 第 24 行.

[ 2016-06-15T17:36:57+08:00 ] 127.0.0.1 /index.php?g=user&m=index&a=is_login
INFO: [ app_begin ] --START--
INFO: Run Behavior\ReadHtmlCacheBehavior [ RunTime:0.000595s ]
INFO: Run Behavior\CheckLangBehavior [ RunTime:0.000940s ]
INFO: [ app_begin ] --END-- [ RunTime:0.001967s ]
NOTIC: [8] Undefined index: url C:\Studio\wamp\www\Rst\application\Common\Controller\AppframeController.class.php 第 24 行.

[ 2016-06-15T17:37:01+08:00 ] 127.0.0.1 /index.php?g=User&m=profile&a=edit_post
INFO: [ app_begin ] --START--
INFO: Run Behavior\ReadHtmlCacheBehavior [ RunTime:0.000564s ]
INFO: Run Behavior\CheckLangBehavior [ RunTime:0.000857s ]
INFO: [ app_begin ] --END-- [ RunTime:0.001797s ]
SQL: SHOW COLUMNS FROM `rst_users` [ RunTime:0.0069s ]
SQL: SELECT `user_status` FROM `rst_users` WHERE `id` = '2' LIMIT 1   [ RunTime:0.0002s ]
SQL: SHOW COLUMNS FROM `rst_users` [ RunTime:0.0038s ]
SQL: SELECT * FROM `rst_users` WHERE `id` = '2' LIMIT 1   [ RunTime:0.0003s ]
NOTIC: [8] Undefined index: validate C:\Studio\wamp\www\Rst\simplewind\Core\Library\Think\Model.class.php 第 1185 行.
NOTIC: [8] Undefined index: auto C:\Studio\wamp\www\Rst\simplewind\Core\Library\Think\Model.class.php 第 1128 行.
SQL: UPDATE `rst_users` SET `user_nicename`='echoshiki',`sex`='0',`user_url`='',`signature`='' WHERE `id` = '2' [ RunTime:0.0079s ]
SQL: SELECT * FROM `rst_users` WHERE `id` = '2' LIMIT 1   [ RunTime:0.0002s ]

[ 2016-06-15T17:37:03+08:00 ] 127.0.0.1 /index.php?g=user&m=index&a=is_login
INFO: [ app_begin ] --START--
INFO: Run Behavior\ReadHtmlCacheBehavior [ RunTime:0.000631s ]
INFO: Run Behavior\CheckLangBehavior [ RunTime:0.001090s ]
INFO: [ app_begin ] --END-- [ RunTime:0.002211s ]
NOTIC: [8] Undefined index: url C:\Studio\wamp\www\Rst\application\Common\Controller\AppframeController.class.php 第 24 行.

[ 2016-06-15T17:37:05+08:00 ] 127.0.0.1 /index.php?g=user&m=index&a=is_login
INFO: [ app_begin ] --START--
INFO: Run Behavior\ReadHtmlCacheBehavior [ RunTime:0.000750s ]
INFO: Run Behavior\CheckLangBehavior [ RunTime:0.001090s ]
INFO: [ app_begin ] --END-- [ RunTime:0.002493s ]
NOTIC: [8] Undefined index: url C:\Studio\wamp\www\Rst\application\Common\Controller\AppframeController.class.php 第 24 行.

[ 2016-06-15T17:38:18+08:00 ] 127.0.0.1 /index.php?g=user&m=index&a=is_login
INFO: [ app_begin ] --START--
INFO: Run Behavior\ReadHtmlCacheBehavior [ RunTime:0.000638s ]
INFO: Run Behavior\CheckLangBehavior [ RunTime:0.000912s ]
INFO: [ app_begin ] --END-- [ RunTime:0.002033s ]
NOTIC: [8] Undefined index: url C:\Studio\wamp\www\Rst\application\Common\Controller\AppframeController.class.php 第 24 行.

[ 2016-06-15T17:38:20+08:00 ] 127.0.0.1 /index.php?g=user&m=index&a=is_login
INFO: [ app_begin ] --START--
INFO: Run Behavior\ReadHtmlCacheBehavior [ RunTime:0.000616s ]
INFO: Run Behavior\CheckLangBehavior [ RunTime:0.000904s ]
INFO: [ app_begin ] --END-- [ RunTime:0.001940s ]
NOTIC: [8] Undefined index: url C:\Studio\wamp\www\Rst\application\Common\Controller\AppframeController.class.php 第 24 行.

[ 2016-06-15T17:38:22+08:00 ] 127.0.0.1 /index.php?g=user&m=index&a=is_login
INFO: [ app_begin ] --START--
INFO: Run Behavior\ReadHtmlCacheBehavior [ RunTime:0.000617s ]
INFO: Run Behavior\CheckLangBehavior [ RunTime:0.000934s ]
INFO: [ app_begin ] --END-- [ RunTime:0.002006s ]
NOTIC: [8] Undefined index: url C:\Studio\wamp\www\Rst\application\Common\Controller\AppframeController.class.php 第 24 行.

[ 2016-06-15T17:38:23+08:00 ] 127.0.0.1 /index.php?g=user&m=index&a=is_login
INFO: [ app_begin ] --START--
INFO: Run Behavior\ReadHtmlCacheBehavior [ RunTime:0.000605s ]
INFO: Run Behavior\CheckLangBehavior [ RunTime:0.000856s ]
INFO: [ app_begin ] --END-- [ RunTime:0.001932s ]
NOTIC: [8] Undefined index: url C:\Studio\wamp\www\Rst\application\Common\Controller\AppframeController.class.php 第 24 行.

[ 2016-06-15T17:38:25+08:00 ] 127.0.0.1 /index.php?g=user&m=index&a=is_login
INFO: [ app_begin ] --START--
INFO: Run Behavior\ReadHtmlCacheBehavior [ RunTime:0.000650s ]
INFO: Run Behavior\CheckLangBehavior [ RunTime:0.000927s ]
INFO: [ app_begin ] --END-- [ RunTime:0.002060s ]
NOTIC: [8] Undefined index: url C:\Studio\wamp\www\Rst\application\Common\Controller\AppframeController.class.php 第 24 行.

[ 2016-06-15T17:38:26+08:00 ] 127.0.0.1 /index.php?g=user&m=index&a=is_login
INFO: [ app_begin ] --START--
INFO: Run Behavior\ReadHtmlCacheBehavior [ RunTime:0.000687s ]
INFO: Run Behavior\CheckLangBehavior [ RunTime:0.001019s ]
INFO: [ app_begin ] --END-- [ RunTime:0.002226s ]
NOTIC: [8] Undefined index: url C:\Studio\wamp\www\Rst\application\Common\Controller\AppframeController.class.php 第 24 行.

[ 2016-06-15T17:45:52+08:00 ] 127.0.0.1 /index.php?g=user&m=index&a=is_login
INFO: [ app_begin ] --START--
INFO: Run Behavior\ReadHtmlCacheBehavior [ RunTime:0.000568s ]
INFO: Run Behavior\CheckLangBehavior [ RunTime:0.000890s ]
INFO: [ app_begin ] --END-- [ RunTime:0.001843s ]
NOTIC: [8] Undefined index: url C:\Studio\wamp\www\Rst\application\Common\Controller\AppframeController.class.php 第 24 行.

[ 2016-06-15T17:46:00+08:00 ] 127.0.0.1 /index.php?g=user&m=index&a=is_login
INFO: [ app_begin ] --START--
INFO: Run Behavior\ReadHtmlCacheBehavior [ RunTime:0.000502s ]
INFO: Run Behavior\CheckLangBehavior [ RunTime:0.000821s ]
INFO: [ app_begin ] --END-- [ RunTime:0.001706s ]
NOTIC: [8] Undefined index: url C:\Studio\wamp\www\Rst\application\Common\Controller\AppframeController.class.php 第 24 行.

[ 2016-06-15T18:13:42+08:00 ] 127.0.0.1 /index.php?g=user&m=index&a=is_login
INFO: [ app_begin ] --START--
INFO: Run Behavior\ReadHtmlCacheBehavior [ RunTime:0.000649s ]
INFO: Run Behavior\CheckLangBehavior [ RunTime:0.000894s ]
INFO: [ app_begin ] --END-- [ RunTime:0.002195s ]
NOTIC: [8] Undefined index: url C:\Studio\wamp\www\Rst\application\Common\Controller\AppframeController.class.php 第 24 行.

[ 2016-06-15T18:13:49+08:00 ] 127.0.0.1 /index.php?g=user&m=index&a=is_login
INFO: [ app_begin ] --START--
INFO: Run Behavior\ReadHtmlCacheBehavior [ RunTime:0.000553s ]
INFO: Run Behavior\CheckLangBehavior [ RunTime:0.000904s ]
INFO: [ app_begin ] --END-- [ RunTime:0.001890s ]
NOTIC: [8] Undefined index: url C:\Studio\wamp\www\Rst\application\Common\Controller\AppframeController.class.php 第 24 行.

[ 2016-06-15T18:13:57+08:00 ] 127.0.0.1 /index.php?g=user&m=index&a=is_login
INFO: [ app_begin ] --START--
INFO: Run Behavior\ReadHtmlCacheBehavior [ RunTime:0.000388s ]
INFO: Run Behavior\CheckLangBehavior [ RunTime:0.000638s ]
INFO: [ app_begin ] --END-- [ RunTime:0.001434s ]
NOTIC: [8] Undefined index: url C:\Studio\wamp\www\Rst\application\Common\Controller\AppframeController.class.php 第 24 行.

[ 2016-06-15T18:16:05+08:00 ] 127.0.0.1 /index.php?g=user&m=index&a=is_login
INFO: [ app_begin ] --START--
INFO: Run Behavior\ReadHtmlCacheBehavior [ RunTime:0.000400s ]
INFO: Run Behavior\CheckLangBehavior [ RunTime:0.000603s ]
INFO: [ app_begin ] --END-- [ RunTime:0.001411s ]
NOTIC: [8] Undefined index: url C:\Studio\wamp\www\Rst\application\Common\Controller\AppframeController.class.php 第 24 行.

[ 2016-06-15T18:27:21+08:00 ] 127.0.0.1 /index.php?g=user&m=index&a=is_login
INFO: [ app_begin ] --START--
INFO: Run Behavior\ReadHtmlCacheBehavior [ RunTime:0.000475s ]
INFO: Run Behavior\CheckLangBehavior [ RunTime:0.000736s ]
INFO: [ app_begin ] --END-- [ RunTime:0.001603s ]
NOTIC: [8] Undefined index: url C:\Studio\wamp\www\Rst\application\Common\Controller\AppframeController.class.php 第 24 行.

[ 2016-06-15T19:27:45+08:00 ] 127.0.0.1 /index.php?g=user&m=index&a=is_login
INFO: [ app_begin ] --START--
INFO: Run Behavior\ReadHtmlCacheBehavior [ RunTime:0.000473s ]
INFO: Run Behavior\CheckLangBehavior [ RunTime:0.000800s ]
INFO: [ app_begin ] --END-- [ RunTime:0.001671s ]
NOTIC: [8] Undefined index: url C:\Studio\wamp\www\Rst\application\Common\Controller\AppframeController.class.php 第 24 行.

[ 2016-06-15T19:28:59+08:00 ] 127.0.0.1 /index.php?g=user&m=index&a=is_login
INFO: [ app_begin ] --START--
INFO: Run Behavior\ReadHtmlCacheBehavior [ RunTime:0.000389s ]
INFO: Run Behavior\CheckLangBehavior [ RunTime:0.000615s ]
INFO: [ app_begin ] --END-- [ RunTime:0.001425s ]
NOTIC: [8] Undefined index: url C:\Studio\wamp\www\Rst\application\Common\Controller\AppframeController.class.php 第 24 行.

[ 2016-06-15T19:29:13+08:00 ] 127.0.0.1 /index.php?g=user&m=index&a=is_login
INFO: [ app_begin ] --START--
INFO: Run Behavior\ReadHtmlCacheBehavior [ RunTime:0.000600s ]
INFO: Run Behavior\CheckLangBehavior [ RunTime:0.000841s ]
INFO: [ app_begin ] --END-- [ RunTime:0.002113s ]
NOTIC: [8] Undefined index: url C:\Studio\wamp\www\Rst\application\Common\Controller\AppframeController.class.php 第 24 行.

[ 2016-06-15T19:36:15+08:00 ] 127.0.0.1 /index.php?g=user&m=index&a=is_login
INFO: [ app_begin ] --START--
INFO: Run Behavior\ReadHtmlCacheBehavior [ RunTime:0.000459s ]
INFO: Run Behavior\CheckLangBehavior [ RunTime:0.000675s ]
INFO: [ app_begin ] --END-- [ RunTime:0.001685s ]
NOTIC: [8] Undefined index: url C:\Studio\wamp\www\Rst\application\Common\Controller\AppframeController.class.php 第 24 行.

[ 2016-06-15T19:36:18+08:00 ] 127.0.0.1 /index.php?g=user&m=index&a=is_login
INFO: [ app_begin ] --START--
INFO: Run Behavior\ReadHtmlCacheBehavior [ RunTime:0.000430s ]
INFO: Run Behavior\CheckLangBehavior [ RunTime:0.000631s ]
INFO: [ app_begin ] --END-- [ RunTime:0.001494s ]
NOTIC: [8] Undefined index: url C:\Studio\wamp\www\Rst\application\Common\Controller\AppframeController.class.php 第 24 行.

[ 2016-06-15T19:36:20+08:00 ] 127.0.0.1 /index.php?g=user&m=index&a=is_login
INFO: [ app_begin ] --START--
INFO: Run Behavior\ReadHtmlCacheBehavior [ RunTime:0.000430s ]
INFO: Run Behavior\CheckLangBehavior [ RunTime:0.000685s ]
INFO: [ app_begin ] --END-- [ RunTime:0.001575s ]
NOTIC: [8] Undefined index: url C:\Studio\wamp\www\Rst\application\Common\Controller\AppframeController.class.php 第 24 行.

[ 2016-06-15T19:36:28+08:00 ] 127.0.0.1 /index.php?g=user&m=index&a=is_login
INFO: [ app_begin ] --START--
INFO: Run Behavior\ReadHtmlCacheBehavior [ RunTime:0.000426s ]
INFO: Run Behavior\CheckLangBehavior [ RunTime:0.000616s ]
INFO: [ app_begin ] --END-- [ RunTime:0.001523s ]
NOTIC: [8] Undefined index: url C:\Studio\wamp\www\Rst\application\Common\Controller\AppframeController.class.php 第 24 行.

[ 2016-06-15T19:36:32+08:00 ] 127.0.0.1 /index.php?g=user&m=index&a=is_login
INFO: [ app_begin ] --START--
INFO: Run Behavior\ReadHtmlCacheBehavior [ RunTime:0.000405s ]
INFO: Run Behavior\CheckLangBehavior [ RunTime:0.000651s ]
INFO: [ app_begin ] --END-- [ RunTime:0.001499s ]
NOTIC: [8] Undefined index: url C:\Studio\wamp\www\Rst\application\Common\Controller\AppframeController.class.php 第 24 行.

[ 2016-06-15T19:36:38+08:00 ] 127.0.0.1 /index.php?g=user&m=index&a=is_login
INFO: [ app_begin ] --START--
INFO: Run Behavior\ReadHtmlCacheBehavior [ RunTime:0.000413s ]
INFO: Run Behavior\CheckLangBehavior [ RunTime:0.000645s ]
INFO: [ app_begin ] --END-- [ RunTime:0.001503s ]
NOTIC: [8] Undefined index: url C:\Studio\wamp\www\Rst\application\Common\Controller\AppframeController.class.php 第 24 行.

[ 2016-06-15T19:40:10+08:00 ] 127.0.0.1 /index.php?g=user&m=index&a=is_login
INFO: [ app_begin ] --START--
INFO: Run Behavior\ReadHtmlCacheBehavior [ RunTime:0.000618s ]
INFO: Run Behavior\CheckLangBehavior [ RunTime:0.000968s ]
INFO: [ app_begin ] --END-- [ RunTime:0.001974s ]
NOTIC: [8] Undefined index: url C:\Studio\wamp\www\Rst\application\Common\Controller\AppframeController.class.php 第 24 行.

